
==================================================
Timestamp: 2026-03-29 11:07:48.282040
Error: Not enough horizontal space to render a single character
Traceback (most recent call last):
  File "F:\Personal OneDrive\OneDrive\Projects\Windsurf\Portfolio-Scanner\backend\main.py", line 371, in generate_pdf
    pdf_bytes = generate_pdf_report(payload)
  File "F:\Personal OneDrive\OneDrive\Projects\Windsurf\Portfolio-Scanner\backend\logic\pdf_generator.py", line 157, in generate_pdf_report
    pdf.multi_cell(0, 5, f"- {label}: net change {diff:.2f} (normalized units)")
    ~~~~~~~~~~~~~~^^^^^^^^^^^^^^^^^^^^^^^^^^^^^^^^^^^^^^^^^^^^^^^^^^^^^^^^^^^^^^
  File "F:\Personal OneDrive\OneDrive\Projects\Windsurf\Portfolio-Scanner\backend\venv\Lib\site-packages\fpdf\fpdf.py", line 281, in wrapper
    return fn(*args, **kwargs)
  File "F:\Personal OneDrive\OneDrive\Projects\Windsurf\Portfolio-Scanner\backend\venv\Lib\site-packages\fpdf\deprecation.py", line 36, in wrapper
    return fn(*args, **kwargs)
  File "F:\Personal OneDrive\OneDrive\Projects\Windsurf\Portfolio-Scanner\backend\venv\Lib\site-packages\fpdf\fpdf.py", line 4916, in multi_cell
    text_line = multi_line_break.get_line()
  File "F:\Personal OneDrive\OneDrive\Projects\Windsurf\Portfolio-Scanner\backend\venv\Lib\site-packages\fpdf\line_break.py", line 851, in get_line
    raise FPDFException(
        "Not enough horizontal space to render a single character"
    )
fpdf.errors.FPDFException: Not enough horizontal space to render a single character

==================================================

==================================================
Timestamp: 2026-03-29 14:13:36.718826
Error: Character "•" at index 2 in text is outside the range of characters supported by the font used: "helvetica". Please consider using a Unicode font.
Traceback (most recent call last):
  File "F:\Personal OneDrive\OneDrive\Projects\Windsurf\Portfolio-Scanner\backend\venv\Lib\site-packages\fpdf\fpdf.py", line 5681, in normalize_text
    return text.encode(self.core_fonts_encoding).decode("latin-1")
           ~~~~~~~~~~~^^^^^^^^^^^^^^^^^^^^^^^^^^
UnicodeEncodeError: 'latin-1' codec can't encode character '\u2022' in position 2: ordinal not in range(256)

The above exception was the direct cause of the following exception:

Traceback (most recent call last):
  File "F:\Personal OneDrive\OneDrive\Projects\Windsurf\Portfolio-Scanner\backend\main.py", line 375, in generate_pdf
    pdf_bytes = generate_pdf_report(
        metrics=req.metrics,
    ...<9 lines>...
        currency=req.currency
    )
  File "F:\Personal OneDrive\OneDrive\Projects\Windsurf\Portfolio-Scanner\backend\logic\pdf_generator.py", line 56, in generate_pdf_report
    pdf.cell(0, 4, f'  • Beta: {beta_min:.2f} - {beta_max:.2f}', ln=True)
    ~~~~~~~~^^^^^^^^^^^^^^^^^^^^^^^^^^^^^^^^^^^^^^^^^^^^^^^^^^^^^^^^^^^^^
  File "F:\Personal OneDrive\OneDrive\Projects\Windsurf\Portfolio-Scanner\backend\venv\Lib\site-packages\fpdf\fpdf.py", line 281, in wrapper
    return fn(*args, **kwargs)
  File "F:\Personal OneDrive\OneDrive\Projects\Windsurf\Portfolio-Scanner\backend\venv\Lib\site-packages\fpdf\deprecation.py", line 36, in wrapper
    return fn(*args, **kwargs)
  File "F:\Personal OneDrive\OneDrive\Projects\Windsurf\Portfolio-Scanner\backend\venv\Lib\site-packages\fpdf\fpdf.py", line 3910, in cell
    text = self.normalize_text(text)
  File "F:\Personal OneDrive\OneDrive\Projects\Windsurf\Portfolio-Scanner\backend\venv\Lib\site-packages\fpdf\fpdf.py", line 5683, in normalize_text
    raise FPDFUnicodeEncodingException(
    ...<3 lines>...
    ) from error
fpdf.errors.FPDFUnicodeEncodingException: Character "•" at index 2 in text is outside the range of characters supported by the font used: "helvetica". Please consider using a Unicode font.

==================================================

==================================================
Timestamp: 2026-03-29 14:14:42.466983
Error: Character "•" at index 2 in text is outside the range of characters supported by the font used: "helvetica". Please consider using a Unicode font.
Traceback (most recent call last):
  File "F:\Personal OneDrive\OneDrive\Projects\Windsurf\Portfolio-Scanner\backend\venv\Lib\site-packages\fpdf\fpdf.py", line 5681, in normalize_text
    return text.encode(self.core_fonts_encoding).decode("latin-1")
           ~~~~~~~~~~~^^^^^^^^^^^^^^^^^^^^^^^^^^
UnicodeEncodeError: 'latin-1' codec can't encode character '\u2022' in position 2: ordinal not in range(256)

The above exception was the direct cause of the following exception:

Traceback (most recent call last):
  File "F:\Personal OneDrive\OneDrive\Projects\Windsurf\Portfolio-Scanner\backend\main.py", line 375, in generate_pdf
    pdf_bytes = generate_pdf_report(
        metrics=req.metrics,
    ...<9 lines>...
        currency=req.currency
    )
  File "F:\Personal OneDrive\OneDrive\Projects\Windsurf\Portfolio-Scanner\backend\logic\pdf_generator.py", line 56, in generate_pdf_report
    pdf.ln(3)
        ~~^^^
  File "F:\Personal OneDrive\OneDrive\Projects\Windsurf\Portfolio-Scanner\backend\venv\Lib\site-packages\fpdf\fpdf.py", line 281, in wrapper
    return fn(*args, **kwargs)
  File "F:\Personal OneDrive\OneDrive\Projects\Windsurf\Portfolio-Scanner\backend\venv\Lib\site-packages\fpdf\deprecation.py", line 36, in wrapper
    return fn(*args, **kwargs)
  File "F:\Personal OneDrive\OneDrive\Projects\Windsurf\Portfolio-Scanner\backend\venv\Lib\site-packages\fpdf\fpdf.py", line 3910, in cell
    text = self.normalize_text(text)
  File "F:\Personal OneDrive\OneDrive\Projects\Windsurf\Portfolio-Scanner\backend\venv\Lib\site-packages\fpdf\fpdf.py", line 5683, in normalize_text
    raise FPDFUnicodeEncodingException(
    ...<3 lines>...
    ) from error
fpdf.errors.FPDFUnicodeEncodingException: Character "•" at index 2 in text is outside the range of characters supported by the font used: "helvetica". Please consider using a Unicode font.

==================================================

==================================================
Timestamp: 2026-03-29 14:15:04.676448
Error: Character "•" at index 2 in text is outside the range of characters supported by the font used: "helvetica". Please consider using a Unicode font.
Traceback (most recent call last):
  File "F:\Personal OneDrive\OneDrive\Projects\Windsurf\Portfolio-Scanner\backend\venv\Lib\site-packages\fpdf\fpdf.py", line 5681, in normalize_text
    return text.encode(self.core_fonts_encoding).decode("latin-1")
           ~~~~~~~~~~~^^^^^^^^^^^^^^^^^^^^^^^^^^
UnicodeEncodeError: 'latin-1' codec can't encode character '\u2022' in position 2: ordinal not in range(256)

The above exception was the direct cause of the following exception:

Traceback (most recent call last):
  File "F:\Personal OneDrive\OneDrive\Projects\Windsurf\Portfolio-Scanner\backend\main.py", line 375, in generate_pdf
    pdf_bytes = generate_pdf_report(
        metrics=req.metrics,
    ...<9 lines>...
        currency=req.currency
    )
  File "F:\Personal OneDrive\OneDrive\Projects\Windsurf\Portfolio-Scanner\backend\logic\pdf_generator.py", line 66, in generate_pdf_report
    pdf.cell(0, 4, f'  • Beta: {beta_min:.2f} - {beta_max:.2f}', ln=True)
    ~~~~~~~~^^^^^^^^^^^^^^^^^^^^^^^^^^^^^^^^^^^^^^^^^^^^^^^^^^^^^^^^^^^^^
  File "F:\Personal OneDrive\OneDrive\Projects\Windsurf\Portfolio-Scanner\backend\venv\Lib\site-packages\fpdf\fpdf.py", line 281, in wrapper
    return fn(*args, **kwargs)
  File "F:\Personal OneDrive\OneDrive\Projects\Windsurf\Portfolio-Scanner\backend\venv\Lib\site-packages\fpdf\deprecation.py", line 36, in wrapper
    return fn(*args, **kwargs)
  File "F:\Personal OneDrive\OneDrive\Projects\Windsurf\Portfolio-Scanner\backend\venv\Lib\site-packages\fpdf\fpdf.py", line 3910, in cell
    text = self.normalize_text(text)
  File "F:\Personal OneDrive\OneDrive\Projects\Windsurf\Portfolio-Scanner\backend\venv\Lib\site-packages\fpdf\fpdf.py", line 5683, in normalize_text
    raise FPDFUnicodeEncodingException(
    ...<3 lines>...
    ) from error
fpdf.errors.FPDFUnicodeEncodingException: Character "•" at index 2 in text is outside the range of characters supported by the font used: "helvetica". Please consider using a Unicode font.

==================================================

==================================================
Timestamp: 2026-03-29 14:17:24.834070
Error: Character "•" at index 2 in text is outside the range of characters supported by the font used: "helvetica". Please consider using a Unicode font.
Traceback (most recent call last):
  File "F:\Personal OneDrive\OneDrive\Projects\Windsurf\Portfolio-Scanner\backend\venv\Lib\site-packages\fpdf\fpdf.py", line 5681, in normalize_text
    return text.encode(self.core_fonts_encoding).decode("latin-1")
           ~~~~~~~~~~~^^^^^^^^^^^^^^^^^^^^^^^^^^
UnicodeEncodeError: 'latin-1' codec can't encode character '\u2022' in position 2: ordinal not in range(256)

The above exception was the direct cause of the following exception:

Traceback (most recent call last):
  File "F:\Personal OneDrive\OneDrive\Projects\Windsurf\Portfolio-Scanner\backend\main.py", line 375, in generate_pdf
    pdf_bytes = generate_pdf_report(
        metrics=req.metrics,
    ...<9 lines>...
        currency=req.currency
    )
  File "F:\Personal OneDrive\OneDrive\Projects\Windsurf\Portfolio-Scanner\backend\logic\pdf_generator.py", line 87, in generate_pdf_report
    pdf.cell(0, 4, f'  • Beta: {beta_min:.2f} - {beta_max:.2f}', ln=True)
    ~~~~~~~~^^^^^^^^^^^^^^^^^^^^^^^^^^^^^^^^^^^^^^^^^^^^^^^^^^^^^^^^^^^^^
  File "F:\Personal OneDrive\OneDrive\Projects\Windsurf\Portfolio-Scanner\backend\venv\Lib\site-packages\fpdf\fpdf.py", line 281, in wrapper
    return fn(*args, **kwargs)
  File "F:\Personal OneDrive\OneDrive\Projects\Windsurf\Portfolio-Scanner\backend\venv\Lib\site-packages\fpdf\deprecation.py", line 36, in wrapper
    return fn(*args, **kwargs)
  File "F:\Personal OneDrive\OneDrive\Projects\Windsurf\Portfolio-Scanner\backend\venv\Lib\site-packages\fpdf\fpdf.py", line 3910, in cell
    text = self.normalize_text(text)
  File "F:\Personal OneDrive\OneDrive\Projects\Windsurf\Portfolio-Scanner\backend\venv\Lib\site-packages\fpdf\fpdf.py", line 5683, in normalize_text
    raise FPDFUnicodeEncodingException(
    ...<3 lines>...
    ) from error
fpdf.errors.FPDFUnicodeEncodingException: Character "•" at index 2 in text is outside the range of characters supported by the font used: "helvetica". Please consider using a Unicode font.

==================================================

==================================================
Timestamp: 2026-03-29 14:17:45.563195
Error: Character "•" at index 2 in text is outside the range of characters supported by the font used: "helvetica". Please consider using a Unicode font.
Traceback (most recent call last):
  File "F:\Personal OneDrive\OneDrive\Projects\Windsurf\Portfolio-Scanner\backend\venv\Lib\site-packages\fpdf\fpdf.py", line 5681, in normalize_text
    return text.encode(self.core_fonts_encoding).decode("latin-1")
           ~~~~~~~~~~~^^^^^^^^^^^^^^^^^^^^^^^^^^
UnicodeEncodeError: 'latin-1' codec can't encode character '\u2022' in position 2: ordinal not in range(256)

The above exception was the direct cause of the following exception:

Traceback (most recent call last):
  File "F:\Personal OneDrive\OneDrive\Projects\Windsurf\Portfolio-Scanner\backend\main.py", line 375, in generate_pdf
    pdf_bytes = generate_pdf_report(
        metrics=req.metrics,
    ...<9 lines>...
        currency=req.currency
    )
  File "F:\Personal OneDrive\OneDrive\Projects\Windsurf\Portfolio-Scanner\backend\logic\pdf_generator.py", line 87, in generate_pdf_report
    pdf.cell(0, 4, f'  • Beta: {beta_min:.2f} - {beta_max:.2f}', ln=True)
    ~~~~~~~~^^^^^^^^^^^^^^^^^^^^^^^^^^^^^^^^^^^^^^^^^^^^^^^^^^^^^^^^^^^^^
  File "F:\Personal OneDrive\OneDrive\Projects\Windsurf\Portfolio-Scanner\backend\venv\Lib\site-packages\fpdf\fpdf.py", line 281, in wrapper
    return fn(*args, **kwargs)
  File "F:\Personal OneDrive\OneDrive\Projects\Windsurf\Portfolio-Scanner\backend\venv\Lib\site-packages\fpdf\deprecation.py", line 36, in wrapper
    return fn(*args, **kwargs)
  File "F:\Personal OneDrive\OneDrive\Projects\Windsurf\Portfolio-Scanner\backend\venv\Lib\site-packages\fpdf\fpdf.py", line 3910, in cell
    text = self.normalize_text(text)
  File "F:\Personal OneDrive\OneDrive\Projects\Windsurf\Portfolio-Scanner\backend\venv\Lib\site-packages\fpdf\fpdf.py", line 5683, in normalize_text
    raise FPDFUnicodeEncodingException(
    ...<3 lines>...
    ) from error
fpdf.errors.FPDFUnicodeEncodingException: Character "•" at index 2 in text is outside the range of characters supported by the font used: "helvetica". Please consider using a Unicode font.

==================================================

==================================================
Timestamp: 2026-03-29 14:19:02.837184
Error: Character "•" at index 2 in text is outside the range of characters supported by the font used: "helvetica". Please consider using a Unicode font.
Traceback (most recent call last):
  File "F:\Personal OneDrive\OneDrive\Projects\Windsurf\Portfolio-Scanner\backend\venv\Lib\site-packages\fpdf\fpdf.py", line 5681, in normalize_text
    return text.encode(self.core_fonts_encoding).decode("latin-1")
           ~~~~~~~~~~~^^^^^^^^^^^^^^^^^^^^^^^^^^
UnicodeEncodeError: 'latin-1' codec can't encode character '\u2022' in position 2: ordinal not in range(256)

The above exception was the direct cause of the following exception:

Traceback (most recent call last):
  File "F:\Personal OneDrive\OneDrive\Projects\Windsurf\Portfolio-Scanner\backend\main.py", line 375, in generate_pdf
    pdf_bytes = generate_pdf_report(
        metrics=req.metrics,
    ...<9 lines>...
        currency=req.currency
    )
  File "F:\Personal OneDrive\OneDrive\Projects\Windsurf\Portfolio-Scanner\backend\logic\pdf_generator.py", line 114, in generate_pdf_report
    pdf.cell(0, 4, f'  • Beta: {beta_min:.2f} - {beta_max:.2f}', ln=True)
    ~~~~~~~~^^^^^^^^^^^^^^^^^^^^^^^^^^^^^^^^^^^^^^^^^^^^^^^^^^^^^^^^^^^^^
  File "F:\Personal OneDrive\OneDrive\Projects\Windsurf\Portfolio-Scanner\backend\venv\Lib\site-packages\fpdf\fpdf.py", line 281, in wrapper
    return fn(*args, **kwargs)
  File "F:\Personal OneDrive\OneDrive\Projects\Windsurf\Portfolio-Scanner\backend\venv\Lib\site-packages\fpdf\deprecation.py", line 36, in wrapper
    return fn(*args, **kwargs)
  File "F:\Personal OneDrive\OneDrive\Projects\Windsurf\Portfolio-Scanner\backend\venv\Lib\site-packages\fpdf\fpdf.py", line 3910, in cell
    text = self.normalize_text(text)
  File "F:\Personal OneDrive\OneDrive\Projects\Windsurf\Portfolio-Scanner\backend\venv\Lib\site-packages\fpdf\fpdf.py", line 5683, in normalize_text
    raise FPDFUnicodeEncodingException(
    ...<3 lines>...
    ) from error
fpdf.errors.FPDFUnicodeEncodingException: Character "•" at index 2 in text is outside the range of characters supported by the font used: "helvetica". Please consider using a Unicode font.

==================================================

==================================================
Timestamp: 2026-03-29 14:20:33.151151
Error: Character "•" at index 2 in text is outside the range of characters supported by the font used: "helvetica". Please consider using a Unicode font.
Traceback (most recent call last):
  File "F:\Personal OneDrive\OneDrive\Projects\Windsurf\Portfolio-Scanner\backend\venv\Lib\site-packages\fpdf\fpdf.py", line 5681, in normalize_text
    return text.encode(self.core_fonts_encoding).decode("latin-1")
           ~~~~~~~~~~~^^^^^^^^^^^^^^^^^^^^^^^^^^
UnicodeEncodeError: 'latin-1' codec can't encode character '\u2022' in position 2: ordinal not in range(256)

The above exception was the direct cause of the following exception:

Traceback (most recent call last):
  File "F:\Personal OneDrive\OneDrive\Projects\Windsurf\Portfolio-Scanner\backend\main.py", line 375, in generate_pdf
    pdf_bytes = generate_pdf_report(
        metrics=req.metrics,
    ...<9 lines>...
        currency=req.currency
    )
  File "F:\Personal OneDrive\OneDrive\Projects\Windsurf\Portfolio-Scanner\backend\logic\pdf_generator.py", line 116, in generate_pdf_report
    pdf.cell(0, 4, f'  • Beta: {beta_min:.2f} - {beta_max:.2f}', ln=True)
    ~~~~~~~~^^^^^^^^^^^^^^^^^^^^^^^^^^^^^^^^^^^^^^^^^^^^^^^^^^^^^^^^^^^^^
  File "F:\Personal OneDrive\OneDrive\Projects\Windsurf\Portfolio-Scanner\backend\venv\Lib\site-packages\fpdf\fpdf.py", line 281, in wrapper
    return fn(*args, **kwargs)
  File "F:\Personal OneDrive\OneDrive\Projects\Windsurf\Portfolio-Scanner\backend\venv\Lib\site-packages\fpdf\deprecation.py", line 36, in wrapper
    return fn(*args, **kwargs)
  File "F:\Personal OneDrive\OneDrive\Projects\Windsurf\Portfolio-Scanner\backend\venv\Lib\site-packages\fpdf\fpdf.py", line 3910, in cell
    text = self.normalize_text(text)
  File "F:\Personal OneDrive\OneDrive\Projects\Windsurf\Portfolio-Scanner\backend\venv\Lib\site-packages\fpdf\fpdf.py", line 5683, in normalize_text
    raise FPDFUnicodeEncodingException(
    ...<3 lines>...
    ) from error
fpdf.errors.FPDFUnicodeEncodingException: Character "•" at index 2 in text is outside the range of characters supported by the font used: "helvetica". Please consider using a Unicode font.

==================================================

==================================================
Timestamp: 2026-03-29 14:21:25.339901
Error: Character "•" at index 2 in text is outside the range of characters supported by the font used: "helvetica". Please consider using a Unicode font.
Traceback (most recent call last):
  File "F:\Personal OneDrive\OneDrive\Projects\Windsurf\Portfolio-Scanner\backend\venv\Lib\site-packages\fpdf\fpdf.py", line 5681, in normalize_text
    return text.encode(self.core_fonts_encoding).decode("latin-1")
           ~~~~~~~~~~~^^^^^^^^^^^^^^^^^^^^^^^^^^
UnicodeEncodeError: 'latin-1' codec can't encode character '\u2022' in position 2: ordinal not in range(256)

The above exception was the direct cause of the following exception:

Traceback (most recent call last):
  File "F:\Personal OneDrive\OneDrive\Projects\Windsurf\Portfolio-Scanner\backend\main.py", line 375, in generate_pdf
    pdf_bytes = generate_pdf_report(
        metrics=req.metrics,
    ...<9 lines>...
        currency=req.currency
    )
  File "F:\Personal OneDrive\OneDrive\Projects\Windsurf\Portfolio-Scanner\backend\logic\pdf_generator.py", line 116, in generate_pdf_report
    pdf.set_font('Helvetica', 'B', 14)
            ~~~~^^^^^^^^^^^^^^^^^^^^^^
  File "F:\Personal OneDrive\OneDrive\Projects\Windsurf\Portfolio-Scanner\backend\venv\Lib\site-packages\fpdf\fpdf.py", line 281, in wrapper
    return fn(*args, **kwargs)
  File "F:\Personal OneDrive\OneDrive\Projects\Windsurf\Portfolio-Scanner\backend\venv\Lib\site-packages\fpdf\deprecation.py", line 36, in wrapper
    return fn(*args, **kwargs)
  File "F:\Personal OneDrive\OneDrive\Projects\Windsurf\Portfolio-Scanner\backend\venv\Lib\site-packages\fpdf\fpdf.py", line 3910, in cell
    text = self.normalize_text(text)
  File "F:\Personal OneDrive\OneDrive\Projects\Windsurf\Portfolio-Scanner\backend\venv\Lib\site-packages\fpdf\fpdf.py", line 5683, in normalize_text
    raise FPDFUnicodeEncodingException(
    ...<3 lines>...
    ) from error
fpdf.errors.FPDFUnicodeEncodingException: Character "•" at index 2 in text is outside the range of characters supported by the font used: "helvetica". Please consider using a Unicode font.

==================================================

==================================================
Timestamp: 2026-03-29 14:23:06.252043
Error: Character "•" at index 2 in text is outside the range of characters supported by the font used: "helvetica". Please consider using a Unicode font.
Traceback (most recent call last):
  File "F:\Personal OneDrive\OneDrive\Projects\Windsurf\Portfolio-Scanner\backend\venv\Lib\site-packages\fpdf\fpdf.py", line 5681, in normalize_text
    return text.encode(self.core_fonts_encoding).decode("latin-1")
           ~~~~~~~~~~~^^^^^^^^^^^^^^^^^^^^^^^^^^
UnicodeEncodeError: 'latin-1' codec can't encode character '\u2022' in position 2: ordinal not in range(256)

The above exception was the direct cause of the following exception:

Traceback (most recent call last):
  File "F:\Personal OneDrive\OneDrive\Projects\Windsurf\Portfolio-Scanner\backend\main.py", line 375, in generate_pdf
    pdf_bytes = generate_pdf_report(
        metrics=req.metrics,
    ...<9 lines>...
        currency=req.currency
    )
  File "F:\Personal OneDrive\OneDrive\Projects\Windsurf\Portfolio-Scanner\backend\logic\pdf_generator.py", line 125, in generate_pdf_report
    pdf.cell(0, 4, f'  • Beta: {beta_min:.2f} - {beta_max:.2f}', ln=True)
    ~~~~~~~~^^^^^^^^^^^^^^^^^^^^^^^^^^^^^^^^^^^^^^^^^^^^^^^^^^^^^^^^^^^^^
  File "F:\Personal OneDrive\OneDrive\Projects\Windsurf\Portfolio-Scanner\backend\venv\Lib\site-packages\fpdf\fpdf.py", line 281, in wrapper
    return fn(*args, **kwargs)
  File "F:\Personal OneDrive\OneDrive\Projects\Windsurf\Portfolio-Scanner\backend\venv\Lib\site-packages\fpdf\deprecation.py", line 36, in wrapper
    return fn(*args, **kwargs)
  File "F:\Personal OneDrive\OneDrive\Projects\Windsurf\Portfolio-Scanner\backend\venv\Lib\site-packages\fpdf\fpdf.py", line 3910, in cell
    text = self.normalize_text(text)
  File "F:\Personal OneDrive\OneDrive\Projects\Windsurf\Portfolio-Scanner\backend\venv\Lib\site-packages\fpdf\fpdf.py", line 5683, in normalize_text
    raise FPDFUnicodeEncodingException(
    ...<3 lines>...
    ) from error
fpdf.errors.FPDFUnicodeEncodingException: Character "•" at index 2 in text is outside the range of characters supported by the font used: "helvetica". Please consider using a Unicode font.

==================================================

==================================================
Timestamp: 2026-03-29 14:23:40.671187
Error: Character "•" at index 2 in text is outside the range of characters supported by the font used: "helvetica". Please consider using a Unicode font.
Traceback (most recent call last):
  File "F:\Personal OneDrive\OneDrive\Projects\Windsurf\Portfolio-Scanner\backend\venv\Lib\site-packages\fpdf\fpdf.py", line 5681, in normalize_text
    return text.encode(self.core_fonts_encoding).decode("latin-1")
           ~~~~~~~~~~~^^^^^^^^^^^^^^^^^^^^^^^^^^
UnicodeEncodeError: 'latin-1' codec can't encode character '\u2022' in position 2: ordinal not in range(256)

The above exception was the direct cause of the following exception:

Traceback (most recent call last):
  File "F:\Personal OneDrive\OneDrive\Projects\Windsurf\Portfolio-Scanner\backend\main.py", line 375, in generate_pdf
    pdf_bytes = generate_pdf_report(
        metrics=req.metrics,
    ...<9 lines>...
        currency=req.currency
    )
  File "F:\Personal OneDrive\OneDrive\Projects\Windsurf\Portfolio-Scanner\backend\logic\pdf_generator.py", line 125, in generate_pdf_report
    # Navy line for styling
  File "F:\Personal OneDrive\OneDrive\Projects\Windsurf\Portfolio-Scanner\backend\venv\Lib\site-packages\fpdf\fpdf.py", line 281, in wrapper
    return fn(*args, **kwargs)
  File "F:\Personal OneDrive\OneDrive\Projects\Windsurf\Portfolio-Scanner\backend\venv\Lib\site-packages\fpdf\deprecation.py", line 36, in wrapper
    return fn(*args, **kwargs)
  File "F:\Personal OneDrive\OneDrive\Projects\Windsurf\Portfolio-Scanner\backend\venv\Lib\site-packages\fpdf\fpdf.py", line 3910, in cell
    text = self.normalize_text(text)
  File "F:\Personal OneDrive\OneDrive\Projects\Windsurf\Portfolio-Scanner\backend\venv\Lib\site-packages\fpdf\fpdf.py", line 5683, in normalize_text
    raise FPDFUnicodeEncodingException(
    ...<3 lines>...
    ) from error
fpdf.errors.FPDFUnicodeEncodingException: Character "•" at index 2 in text is outside the range of characters supported by the font used: "helvetica". Please consider using a Unicode font.

==================================================

==================================================
Timestamp: 2026-03-29 14:24:04.487913
Error: 'bytearray' object has no attribute 'encode'
Traceback (most recent call last):
  File "F:\Personal OneDrive\OneDrive\Projects\Windsurf\Portfolio-Scanner\backend\main.py", line 391, in generate_pdf
    return Response(
        content=pdf_bytes,
    ...<4 lines>...
        }
    )
  File "F:\Personal OneDrive\OneDrive\Projects\Windsurf\Portfolio-Scanner\backend\venv\Lib\site-packages\starlette\responses.py", line 41, in __init__
    self.body = self.render(content)
                ~~~~~~~~~~~^^^^^^^^^
  File "F:\Personal OneDrive\OneDrive\Projects\Windsurf\Portfolio-Scanner\backend\venv\Lib\site-packages\starlette\responses.py", line 49, in render
    return content.encode(self.charset)  # type: ignore
           ^^^^^^^^^^^^^^
AttributeError: 'bytearray' object has no attribute 'encode'. Did you mean: 'decode'?

==================================================
